<?xml version="1.0" encoding="UTF-8"?>
<testng-results ignored="0" total="0" passed="0" failed="0" skipped="0">
  <reporter-output>
  </reporter-output>
  <suite started-at="2025-07-22T19:42:37 IST" name="Default suite" finished-at="2025-07-22T19:42:37 IST" duration-ms="13">
    <groups>
    </groups>
    <test started-at="2025-07-22T19:42:37 IST" name="Default test" finished-at="2025-07-22T19:42:37 IST" duration-ms="13">
      <class name="com.service.TestNGHookFuntions">
        <test-method is-config="true" signature="beforeSuite()[pri:0, instance:com.service.TestNGHookFuntions@6b81ce95]" started-at="2025-07-22T19:42:37 IST" name="beforeSuite" finished-at="2025-07-22T19:42:37 IST" duration-ms="6" status="PASS">
          <reporter-output>
          </reporter-output>
        </test-method> <!-- beforeSuite -->
        <test-method is-config="true" signature="beforeTest()[pri:0, instance:com.service.TestNGHookFuntions@6b81ce95]" started-at="2025-07-22T19:42:37 IST" name="beforeTest" finished-at="2025-07-22T19:42:37 IST" duration-ms="0" status="PASS">
          <reporter-output>
          </reporter-output>
        </test-method> <!-- beforeTest -->
        <test-method is-config="true" signature="afterTest()[pri:0, instance:com.service.TestNGHookFuntions@6b81ce95]" started-at="2025-07-22T19:42:37 IST" name="afterTest" finished-at="2025-07-22T19:42:37 IST" duration-ms="2" status="PASS">
          <reporter-output>
          </reporter-output>
        </test-method> <!-- afterTest -->
        <test-method is-config="true" signature="afterSuite()[pri:0, instance:com.service.TestNGHookFuntions@6b81ce95]" started-at="2025-07-22T19:42:37 IST" name="afterSuite" finished-at="2025-07-22T19:42:37 IST" duration-ms="0" status="PASS">
          <reporter-output>
          </reporter-output>
        </test-method> <!-- afterSuite -->
      </class> <!-- com.service.TestNGHookFuntions -->
    </test> <!-- Default test -->
  </suite> <!-- Default suite -->
</testng-results>
