<?xml version="1.0" encoding="UTF-8"?>
<testng-results ignored="1" total="10" passed="9" failed="0" skipped="0">
  <reporter-output>
  </reporter-output>
  <suite started-at="2025-07-22T20:05:22 IST" name="Suite" finished-at="2025-07-22T20:05:22 IST" duration-ms="121">
    <groups>
    </groups>
    <test started-at="2025-07-22T20:05:22 IST" name="Test1" finished-at="2025-07-22T20:05:22 IST" duration-ms="41">
      <class name="com.service.TestNGHookFunctions">
        <test-method is-config="true" signature="beforeTest()[pri:0, instance:com.service.TestNGHookFunctions@158d2680]" started-at="2025-07-22T20:05:22 IST" name="beforeTest" finished-at="2025-07-22T20:05:22 IST" duration-ms="1" status="PASS">
          <reporter-output>
          </reporter-output>
        </test-method> <!-- beforeTest -->
        <test-method is-config="true" signature="beforeClass()[pri:0, instance:com.service.TestNGHookFunctions@158d2680]" started-at="2025-07-22T20:05:22 IST" name="beforeClass" finished-at="2025-07-22T20:05:22 IST" duration-ms="2" status="PASS">
          <reporter-output>
          </reporter-output>
        </test-method> <!-- beforeClass -->
        <test-method is-config="true" signature="beforeMethod()[pri:0, instance:com.service.TestNGHookFunctions@158d2680]" started-at="2025-07-22T20:05:22 IST" name="beforeMethod" finished-at="2025-07-22T20:05:22 IST" duration-ms="0" status="PASS">
          <reporter-output>
          </reporter-output>
        </test-method> <!-- beforeMethod -->
        <test-method is-config="true" signature="beforeMethod()[pri:0, instance:com.service.TestNGHookFunctions@158d2680]" started-at="2025-07-22T20:05:22 IST" name="beforeMethod" finished-at="2025-07-22T20:05:22 IST" duration-ms="0" status="PASS">
          <reporter-output>
          </reporter-output>
        </test-method> <!-- beforeMethod -->
        <test-method signature="secondTestMethod()[pri:0, instance:com.service.TestNGHookFunctions@158d2680]" started-at="2025-07-22T20:05:22 IST" name="secondTestMethod" finished-at="2025-07-22T20:05:22 IST" duration-ms="9" status="PASS">
          <reporter-output>
          </reporter-output>
        </test-method> <!-- secondTestMethod -->
        <test-method signature="firstTestMethod()[pri:0, instance:com.service.TestNGHookFunctions@158d2680]" started-at="2025-07-22T20:05:22 IST" name="firstTestMethod" finished-at="2025-07-22T20:05:22 IST" duration-ms="9" status="PASS">
          <reporter-output>
          </reporter-output>
        </test-method> <!-- firstTestMethod -->
        <test-method is-config="true" signature="afterMethod()[pri:0, instance:com.service.TestNGHookFunctions@158d2680]" started-at="2025-07-22T20:05:22 IST" name="afterMethod" finished-at="2025-07-22T20:05:22 IST" duration-ms="1" status="PASS">
          <reporter-output>
          </reporter-output>
        </test-method> <!-- afterMethod -->
        <test-method is-config="true" signature="afterMethod()[pri:0, instance:com.service.TestNGHookFunctions@158d2680]" started-at="2025-07-22T20:05:22 IST" name="afterMethod" finished-at="2025-07-22T20:05:22 IST" duration-ms="0" status="PASS">
          <reporter-output>
          </reporter-output>
        </test-method> <!-- afterMethod -->
        <test-method is-config="true" signature="afterClass()[pri:0, instance:com.service.TestNGHookFunctions@158d2680]" started-at="2025-07-22T20:05:22 IST" name="afterClass" finished-at="2025-07-22T20:05:22 IST" duration-ms="1" status="PASS">
          <reporter-output>
          </reporter-output>
        </test-method> <!-- afterClass -->
        <test-method is-config="true" signature="afterTest()[pri:0, instance:com.service.TestNGHookFunctions@158d2680]" started-at="2025-07-22T20:05:22 IST" name="afterTest" finished-at="2025-07-22T20:05:22 IST" duration-ms="1" status="PASS">
          <reporter-output>
          </reporter-output>
        </test-method> <!-- afterTest -->
      </class> <!-- com.service.TestNGHookFunctions -->
      <class name="com.service.OperationServiceTest">
        <test-method signature="addTest()[pri:0, instance:com.service.OperationServiceTest@359f7cdf]" started-at="2025-07-22T20:05:22 IST" name="addTest" finished-at="2025-07-22T20:05:22 IST" duration-ms="12" status="PASS">
          <reporter-output>
          </reporter-output>
        </test-method> <!-- addTest -->
        <test-method signature="subTest()[pri:0, instance:com.service.OperationServiceTest@359f7cdf]" started-at="2025-07-22T20:05:22 IST" name="subTest" finished-at="2025-07-22T20:05:22 IST" duration-ms="11" status="PASS">
          <reporter-output>
          </reporter-output>
        </test-method> <!-- subTest -->
      </class> <!-- com.service.OperationServiceTest -->
    </test> <!-- Test1 -->
    <test started-at="2025-07-22T20:05:22 IST" name="Test2" finished-at="2025-07-22T20:05:22 IST" duration-ms="18">
      <class name="com.service.TestNGHookFunctions">
        <test-method is-config="true" signature="beforeSuite()[pri:0, instance:com.service.TestNGHookFunctions@158d2680]" started-at="2025-07-22T20:05:22 IST" name="beforeSuite" finished-at="2025-07-22T20:05:22 IST" duration-ms="7" status="PASS">
          <reporter-output>
          </reporter-output>
        </test-method> <!-- beforeSuite -->
        <test-method is-config="true" signature="afterSuite()[pri:0, instance:com.service.TestNGHookFunctions@158d2680]" started-at="2025-07-22T20:05:22 IST" name="afterSuite" finished-at="2025-07-22T20:05:22 IST" duration-ms="1" status="PASS">
          <reporter-output>
          </reporter-output>
        </test-method> <!-- afterSuite -->
      </class> <!-- com.service.TestNGHookFunctions -->
      <class name="com.service.EnableAndDisableTestCase">
        <test-method signature="f1()[pri:0, instance:com.service.EnableAndDisableTestCase@47eaca72]" started-at="2025-07-22T20:05:22 IST" name="f1" finished-at="2025-07-22T20:05:22 IST" duration-ms="3" status="PASS">
          <reporter-output>
          </reporter-output>
        </test-method> <!-- f1 -->
      </class> <!-- com.service.EnableAndDisableTestCase -->
      <class name="com.service.TestPriorty">
        <test-method signature="a()[pri:0, instance:com.service.TestPriorty@1aafa419]" started-at="2025-07-22T20:05:22 IST" name="a" finished-at="2025-07-22T20:05:22 IST" duration-ms="2" status="PASS">
          <reporter-output>
          </reporter-output>
        </test-method> <!-- a -->
        <test-method signature="c()[pri:2, instance:com.service.TestPriorty@1aafa419]" started-at="2025-07-22T20:05:22 IST" name="c" finished-at="2025-07-22T20:05:22 IST" duration-ms="2" status="PASS">
          <reporter-output>
          </reporter-output>
        </test-method> <!-- c -->
        <test-method signature="d()[pri:1, instance:com.service.TestPriorty@1aafa419]" started-at="2025-07-22T20:05:22 IST" name="d" finished-at="2025-07-22T20:05:22 IST" duration-ms="5" status="PASS">
          <reporter-output>
          </reporter-output>
        </test-method> <!-- d -->
        <test-method signature="b()[pri:4, instance:com.service.TestPriorty@1aafa419]" started-at="2025-07-22T20:05:22 IST" name="b" finished-at="2025-07-22T20:05:22 IST" duration-ms="3" status="PASS">
          <reporter-output>
          </reporter-output>
        </test-method> <!-- b -->
      </class> <!-- com.service.TestPriorty -->
    </test> <!-- Test2 -->
  </suite> <!-- Suite -->
</testng-results>
