<?xml version="1.0" encoding="UTF-8"?>
<!-- Generated by org.testng.reporters.JUnitXMLReporter -->
<testsuite ignored="0" hostname="Hp" failures="0" tests="4" name="Test" time="0.059" errors="0" timestamp="2025-07-22T19:48:57 IST">
  <testcase classname="com.service.OperationServiceTest" name="addTest" time="0.013"/>
  <testcase classname="com.service.OperationServiceTest" name="subTest" time="0.001"/>
  <testcase classname="com.service.TestNGHookFunctions" name="firstTestMethod" time="0.001"/>
  <testcase classname="com.service.TestNGHookFunctions" name="secondTestMethod" time="0.0"/>
</testsuite> <!-- Test -->
