<?xml version="1.0" encoding="UTF-8"?>
<!-- Generated by org.testng.reporters.JUnitXMLReporter -->
<testsuite ignored="1" hostname="Hp" failures="0" tests="5" name="Test2" time="0.018" errors="0" timestamp="2025-07-22T20:05:22 IST">
  <testcase classname="com.service.TestPriorty" name="b" time="0.003"/>
  <testcase classname="com.service.EnableAndDisableTestCase" name="f1" time="0.003"/>
  <testcase classname="com.service.TestPriorty" name="c" time="0.002"/>
  <testcase classname="com.service.TestPriorty" name="a" time="0.002"/>
  <testcase classname="com.service.TestPriorty" name="d" time="0.005"/>
  <testcase classname="com.service.EnableAndDisableTestCase" name="f3" time="0.0">
    <ignored/>
  </testcase> <!-- f3 -->
</testsuite> <!-- Test2 -->
