<?xml version="1.0" encoding="UTF-8"?>
<!-- Generated by org.testng.reporters.JUnitXMLReporter -->
<testsuite ignored="0" hostname="Hp" failures="0" tests="4" name="Test1" time="0.041" errors="0" timestamp="2025-07-22T20:05:22 IST">
  <testcase classname="com.service.OperationServiceTest" name="addTest" time="0.012"/>
  <testcase classname="com.service.TestNGHookFunctions" name="firstTestMethod" time="0.009"/>
  <testcase classname="com.service.OperationServiceTest" name="subTest" time="0.011"/>
  <testcase classname="com.service.TestNGHookFunctions" name="secondTestMethod" time="0.009"/>
</testsuite> <!-- Test1 -->
