<?xml version="1.0" encoding="UTF-8"?>
<testng-results ignored="0" total="3" passed="3" failed="0" skipped="0">
  <reporter-output>
  </reporter-output>
  <suite started-at="2025-07-24T19:57:07 IST" name="Default suite" finished-at="2025-07-24T19:57:07 IST" duration-ms="99">
    <groups>
    </groups>
    <test started-at="2025-07-24T19:57:07 IST" name="Default test" finished-at="2025-07-24T19:57:07 IST" duration-ms="99">
      <class name="com.test.DataProviderTest">
        <test-method signature="f(java.lang.String,java.lang.String)[pri:0, instance:com.test.DataProviderTest@72967906]" started-at="2025-07-24T19:57:07 IST" name="f" data-provider="dp" finished-at="2025-07-24T19:57:07 IST" duration-ms="23" status="PASS">
          <params>
            <param index="0">
              <value>
                <![CDATA[student]]>
              </value>
            </param>
            <param index="1">
              <value>
                <![CDATA[Password123]]>
              </value>
            </param>
          </params>
          <reporter-output>
          </reporter-output>
        </test-method> <!-- f -->
        <test-method signature="f(java.lang.String,java.lang.String)[pri:0, instance:com.test.DataProviderTest@72967906]" started-at="2025-07-24T19:57:07 IST" name="f" data-provider="dp" finished-at="2025-07-24T19:57:07 IST" duration-ms="3" status="PASS">
          <params>
            <param index="0">
              <value>
                <![CDATA[wrongname]]>
              </value>
            </param>
            <param index="1">
              <value>
                <![CDATA[Password123]]>
              </value>
            </param>
          </params>
          <reporter-output>
          </reporter-output>
        </test-method> <!-- f -->
        <test-method signature="f(java.lang.String,java.lang.String)[pri:0, instance:com.test.DataProviderTest@72967906]" started-at="2025-07-24T19:57:07 IST" name="f" data-provider="dp" finished-at="2025-07-24T19:57:07 IST" duration-ms="3" status="PASS">
          <params>
            <param index="0">
              <value>
                <![CDATA[student]]>
              </value>
            </param>
            <param index="1">
              <value>
                <![CDATA[wrongpassword]]>
              </value>
            </param>
          </params>
          <reporter-output>
          </reporter-output>
        </test-method> <!-- f -->
      </class> <!-- com.test.DataProviderTest -->
    </test> <!-- Default test -->
  </suite> <!-- Default suite -->
</testng-results>
